#! /c/Source/iverilog-install/bin/vvp
:ivl_version "12.0 (devel)" "(s20150603-1539-g2693dd32b)";
:ivl_delay_selection "TYPICAL";
:vpi_time_precision - 12;
:vpi_module "C:\iverilog\lib\ivl\system.vpi";
:vpi_module "C:\iverilog\lib\ivl\vhdl_sys.vpi";
:vpi_module "C:\iverilog\lib\ivl\vhdl_textio.vpi";
:vpi_module "C:\iverilog\lib\ivl\v2005_math.vpi";
:vpi_module "C:\iverilog\lib\ivl\va_math.vpi";
S_00000140b649c250 .scope module, "TB_riscTop" "TB_riscTop" 2 3;
 .timescale -12 -12;
v00000140b64fe500_0 .var "clk", 0 0;
v00000140b64ff220_0 .var "reset", 0 0;
S_00000140b649ec60 .scope module, "dut" "riscTop" 2 7, 3 1 0, S_00000140b649c250;
 .timescale 0 0;
    .port_info 0 /INPUT 1 "clk";
    .port_info 1 /INPUT 1 "reset";
v00000140b64f8e00_0 .net "ALUOp", 1 0, v00000140b64f9440_0;  1 drivers
v00000140b64f8ea0_0 .net "ALUResult", 31 0, v00000140b649b5b0_0;  1 drivers
v00000140b64f9a80_0 .net "ALUSrc", 0 0, v00000140b64fa7a0_0;  1 drivers
v00000140b64fa0c0_0 .net "Branch", 0 0, v00000140b64f9da0_0;  1 drivers
v00000140b64f9bc0_0 .net "MemRead", 0 0, v00000140b64f96c0_0;  1 drivers
v00000140b64f8f40_0 .net "MemWrite", 0 0, v00000140b64f98a0_0;  1 drivers
v00000140b64f9c60_0 .net "MemtoReg", 0 0, v00000140b64f9080_0;  1 drivers
v00000140b64fa2a0_0 .net "PcNxt", 31 0, v00000140b64fa8e0_0;  1 drivers
v00000140b64fa340_0 .net "RegWrite", 0 0, v00000140b64f8cc0_0;  1 drivers
v00000140b64fa3e0_0 .net "WriteData", 31 0, L_00000140b65001c0;  1 drivers
v00000140b64f9d00_0 .net "branchTarget", 31 0, L_00000140b64ff2c0;  1 drivers
v00000140b64fa5c0_0 .net "clk", 0 0, v00000140b64fe500_0;  1 drivers
v00000140b64f8fe0_0 .net "funct3", 2 0, v00000140b64fa480_0;  1 drivers
v00000140b64ff180_0 .net "funct7", 0 0, v00000140b64f9b20_0;  1 drivers
v00000140b64fe640_0 .net "immediate", 31 0, v00000140b64f9ee0_0;  1 drivers
v00000140b64ff5e0_0 .net "instruction", 31 0, v00000140b64f9940_0;  1 drivers
v00000140b64ff720_0 .net "opcode", 6 0, v00000140b64f9e40_0;  1 drivers
v00000140b64febe0_0 .net "r1_addr", 4 0, v00000140b64f9300_0;  1 drivers
v00000140b64ff7c0_0 .net "r2_addr", 4 0, v00000140b64f8b80_0;  1 drivers
v00000140b64fed20_0 .net "rd_addr", 4 0, v00000140b64fa840_0;  1 drivers
v00000140b64fe960_0 .net "read_data", 31 0, L_00000140b64ff360;  1 drivers
v00000140b64ff860_0 .net "reset", 0 0, v00000140b64ff220_0;  1 drivers
v00000140b64ff900_0 .net "rs1_Value", 31 0, v00000140b64faa20_0;  1 drivers
v00000140b6500120_0 .net "rs2_Value", 31 0, v00000140b64f91c0_0;  1 drivers
v00000140b64ff0e0_0 .net "sel", 3 0, v00000140b649bf10_0;  1 drivers
v00000140b64ffc20_0 .net "zeroflag", 0 0, v00000140b649bab0_0;  1 drivers
L_00000140b64ff2c0 .arith/sum 32, v00000140b64fa8e0_0, v00000140b64f9ee0_0;
L_00000140b65001c0 .functor MUXZ 32, v00000140b649b5b0_0, L_00000140b64ff360, v00000140b64f9080_0, C4<>;
S_00000140b64a0050 .scope module, "ALUInst" "alu" 3 78, 4 1 0, S_00000140b649ec60;
 .timescale 0 0;
    .port_info 0 /INPUT 32 "rs1_Value";
    .port_info 1 /INPUT 32 "rs2_Value";
    .port_info 2 /INPUT 32 "immediate";
    .port_info 3 /INPUT 4 "sel";
    .port_info 4 /INPUT 1 "AluSrc";
    .port_info 5 /OUTPUT 1 "zeroflag";
    .port_info 6 /OUTPUT 32 "aluResult";
L_00000140b65a0088 .functor BUFT 1, C4<0>, C4<0>, C4<0>, C4<0>;
L_00000140b6491710 .functor XNOR 1, v00000140b64fa7a0_0, L_00000140b65a0088, C4<0>, C4<0>;
v00000140b649bbf0_0 .net "AluSrc", 0 0, v00000140b64fa7a0_0;  alias, 1 drivers
v00000140b649b330_0 .net/2u *"_ivl_0", 0 0, L_00000140b65a0088;  1 drivers
v00000140b649b790_0 .net *"_ivl_2", 0 0, L_00000140b6491710;  1 drivers
v00000140b649b5b0_0 .var "aluResult", 31 0;
v00000140b649b650_0 .net "b", 31 0, L_00000140b64fedc0;  1 drivers
v00000140b649bfb0_0 .net "immediate", 31 0, v00000140b64f9ee0_0;  alias, 1 drivers
v00000140b649c050_0 .net "rs1_Value", 31 0, v00000140b64faa20_0;  alias, 1 drivers
v00000140b649b970_0 .net "rs2_Value", 31 0, v00000140b64f91c0_0;  alias, 1 drivers
v00000140b649ba10_0 .net "sel", 3 0, v00000140b649bf10_0;  alias, 1 drivers
v00000140b649bab0_0 .var "zeroflag", 0 0;
E_00000140b648faa0 .event anyedge, v00000140b649ba10_0, v00000140b649c050_0, v00000140b649b650_0, v00000140b649b5b0_0;
L_00000140b64fedc0 .functor MUXZ 32, v00000140b64f9ee0_0, v00000140b64f91c0_0, L_00000140b6491710, C4<>;
S_00000140b64a2500 .scope module, "AluControlInst" "AluControl" 3 89, 5 1 0, S_00000140b649ec60;
 .timescale 0 0;
    .port_info 0 /INPUT 2 "ALUOp";
    .port_info 1 /INPUT 3 "funct3";
    .port_info 2 /INPUT 1 "funct7";
    .port_info 3 /OUTPUT 4 "sel";
v00000140b649bb50_0 .net "ALUOp", 1 0, v00000140b64f9440_0;  alias, 1 drivers
v00000140b649c0f0_0 .net "funct3", 2 0, v00000140b64fa480_0;  alias, 1 drivers
v00000140b649bd30_0 .net "funct7", 0 0, v00000140b64f9b20_0;  alias, 1 drivers
v00000140b649bf10_0 .var "sel", 3 0;
E_00000140b648f8e0 .event anyedge, v00000140b649bb50_0, v00000140b649c0f0_0, v00000140b649bd30_0;
S_00000140b645ba30 .scope module, "DataMemoInst" "DataMemo" 3 108, 6 1 0, S_00000140b649ec60;
 .timescale 0 0;
    .port_info 0 /INPUT 1 "clk";
    .port_info 1 /INPUT 1 "mem_read";
    .port_info 2 /INPUT 1 "mem_write";
    .port_info 3 /INPUT 32 "address";
    .port_info 4 /INPUT 32 "write_data";
    .port_info 5 /OUTPUT 32 "read_data";
v00000140b649c190_0 .net *"_ivl_0", 31 0, L_00000140b64ffa40;  1 drivers
v00000140b649b830_0 .net *"_ivl_3", 9 0, L_00000140b64ff9a0;  1 drivers
v00000140b649be70_0 .net *"_ivl_4", 11 0, L_00000140b64ffd60;  1 drivers
L_00000140b65a00d0 .functor BUFT 1, C4<00>, C4<0>, C4<0>, C4<0>;
v00000140b649b290_0 .net *"_ivl_7", 1 0, L_00000140b65a00d0;  1 drivers
L_00000140b65a0118 .functor BUFT 1, C4<00000000000000000000000000000000>, C4<0>, C4<0>, C4<0>;
v00000140b649bc90_0 .net/2u *"_ivl_8", 31 0, L_00000140b65a0118;  1 drivers
v00000140b649b3d0_0 .net "address", 31 0, v00000140b649b5b0_0;  alias, 1 drivers
v00000140b649bdd0_0 .net "clk", 0 0, v00000140b64fe500_0;  alias, 1 drivers
v00000140b649b6f0 .array "mem", 1023 0, 31 0;
v00000140b649b470_0 .net "mem_read", 0 0, v00000140b64f96c0_0;  alias, 1 drivers
v00000140b649b510_0 .net "mem_write", 0 0, v00000140b64f98a0_0;  alias, 1 drivers
v00000140b64f9580_0 .net "read_data", 31 0, L_00000140b64ff360;  alias, 1 drivers
v00000140b64f9620_0 .net "write_data", 31 0, v00000140b64f91c0_0;  alias, 1 drivers
E_00000140b6490e60 .event posedge, v00000140b649bdd0_0;
L_00000140b64ffa40 .array/port v00000140b649b6f0, L_00000140b64ffd60;
L_00000140b64ff9a0 .part v00000140b649b5b0_0, 2, 10;
L_00000140b64ffd60 .concat [ 10 2 0 0], L_00000140b64ff9a0, L_00000140b65a00d0;
L_00000140b64ff360 .functor MUXZ 32, L_00000140b65a0118, L_00000140b64ffa40, v00000140b64f96c0_0, C4<>;
S_00000140b645bbc0 .scope module, "DecoderInst" "decoder" 3 59, 7 1 0, S_00000140b649ec60;
 .timescale 0 0;
    .port_info 0 /INPUT 32 "instruction";
    .port_info 1 /OUTPUT 7 "opcode";
    .port_info 2 /OUTPUT 5 "rd_addr";
    .port_info 3 /OUTPUT 3 "funct3";
    .port_info 4 /OUTPUT 5 "rs1_addr";
    .port_info 5 /OUTPUT 5 "rs2_addr";
    .port_info 6 /OUTPUT 1 "funct7";
    .port_info 7 /OUTPUT 1 "RegWrite";
    .port_info 8 /OUTPUT 1 "MemRead";
    .port_info 9 /OUTPUT 1 "MemWrite";
    .port_info 10 /OUTPUT 1 "MemtoReg";
    .port_info 11 /OUTPUT 1 "ALUSrc";
    .port_info 12 /OUTPUT 1 "Branch";
    .port_info 13 /OUTPUT 2 "ALUOp";
v00000140b64f9440_0 .var "ALUOp", 1 0;
v00000140b64fa7a0_0 .var "ALUSrc", 0 0;
v00000140b64f9da0_0 .var "Branch", 0 0;
v00000140b64f96c0_0 .var "MemRead", 0 0;
v00000140b64f98a0_0 .var "MemWrite", 0 0;
v00000140b64f9080_0 .var "MemtoReg", 0 0;
v00000140b64f8cc0_0 .var "RegWrite", 0 0;
v00000140b64fa480_0 .var "funct3", 2 0;
v00000140b64f9b20_0 .var "funct7", 0 0;
v00000140b64f8d60_0 .net "instruction", 31 0, v00000140b64f9940_0;  alias, 1 drivers
v00000140b64f9e40_0 .var "opcode", 6 0;
v00000140b64fa840_0 .var "rd_addr", 4 0;
v00000140b64f9300_0 .var "rs1_addr", 4 0;
v00000140b64f8b80_0 .var "rs2_addr", 4 0;
E_00000140b6490160 .event anyedge, v00000140b64f8d60_0, v00000140b64f9e40_0;
S_00000140b645e980 .scope module, "ImmediateGenInst" "immediateGen" 3 54, 8 1 0, S_00000140b649ec60;
 .timescale 0 0;
    .port_info 0 /INPUT 32 "instruction";
    .port_info 1 /OUTPUT 32 "immediate";
v00000140b64f9ee0_0 .var "immediate", 31 0;
v00000140b64f9120_0 .net "instruction", 31 0, v00000140b64f9940_0;  alias, 1 drivers
E_00000140b6490320 .event anyedge, v00000140b64f8d60_0;
S_00000140b645eb10 .scope module, "InstructionMemoryInst" "instructionMemory" 3 49, 9 1 0, S_00000140b649ec60;
 .timescale 0 0;
    .port_info 0 /INPUT 32 "add";
    .port_info 1 /OUTPUT 32 "instruction";
v00000140b64f94e0_0 .net "add", 31 0, v00000140b64fa8e0_0;  alias, 1 drivers
v00000140b64f9940_0 .var "instruction", 31 0;
E_00000140b6490ae0 .event anyedge, v00000140b64f94e0_0;
S_00000140b6464ec0 .scope module, "PC" "pc_counter" 3 39, 10 1 0, S_00000140b649ec60;
 .timescale 0 0;
    .port_info 0 /INPUT 32 "PcIn";
    .port_info 1 /INPUT 1 "clk";
    .port_info 2 /INPUT 1 "zeroflag";
    .port_info 3 /INPUT 1 "Branch";
    .port_info 4 /INPUT 32 "branchTarget";
    .port_info 5 /INPUT 1 "reset";
    .port_info 6 /OUTPUT 32 "PcNxt";
v00000140b64f9f80_0 .net "Branch", 0 0, v00000140b64f9da0_0;  alias, 1 drivers
v00000140b64f9760_0 .net "PcIn", 31 0, v00000140b64fa8e0_0;  alias, 1 drivers
v00000140b64fa8e0_0 .var "PcNxt", 31 0;
v00000140b64fa020_0 .net "branchTarget", 31 0, L_00000140b64ff2c0;  alias, 1 drivers
v00000140b64fa980_0 .net "clk", 0 0, v00000140b64fe500_0;  alias, 1 drivers
v00000140b64f93a0_0 .net "reset", 0 0, v00000140b64ff220_0;  alias, 1 drivers
v00000140b64fa520_0 .net "zeroflag", 0 0, v00000140b649bab0_0;  alias, 1 drivers
S_00000140b6465050 .scope module, "registerFileInst" "registerFile" 3 96, 11 1 0, S_00000140b649ec60;
 .timescale 0 0;
    .port_info 0 /INPUT 5 "rs1_addr";
    .port_info 1 /INPUT 5 "rs2_addr";
    .port_info 2 /INPUT 5 "rd_addr";
    .port_info 3 /INPUT 1 "clk";
    .port_info 4 /INPUT 32 "WriteData";
    .port_info 5 /INPUT 1 "RegWrite";
    .port_info 6 /OUTPUT 32 "ReadData1";
    .port_info 7 /OUTPUT 32 "ReadData2";
v00000140b64faa20_0 .var "ReadData1", 31 0;
v00000140b64f91c0_0 .var "ReadData2", 31 0;
v00000140b64f99e0_0 .net "RegWrite", 0 0, v00000140b64f8cc0_0;  alias, 1 drivers
v00000140b64fa200_0 .net "WriteData", 31 0, L_00000140b65001c0;  alias, 1 drivers
v00000140b64fa660_0 .net "clk", 0 0, v00000140b64fe500_0;  alias, 1 drivers
v00000140b64f8c20_0 .var/i "i", 31 0;
v00000140b64f9260_0 .net "rd_addr", 4 0, v00000140b64fa840_0;  alias, 1 drivers
v00000140b64f9800 .array "registers", 31 0, 31 0;
v00000140b64fa700_0 .net "rs1_addr", 4 0, v00000140b64f9300_0;  alias, 1 drivers
v00000140b64fa160_0 .net "rs2_addr", 4 0, v00000140b64f8b80_0;  alias, 1 drivers
v00000140b64f9800_0 .array/port v00000140b64f9800, 0;
v00000140b64f9800_1 .array/port v00000140b64f9800, 1;
v00000140b64f9800_2 .array/port v00000140b64f9800, 2;
E_00000140b6490d20/0 .event anyedge, v00000140b64f9300_0, v00000140b64f9800_0, v00000140b64f9800_1, v00000140b64f9800_2;
v00000140b64f9800_3 .array/port v00000140b64f9800, 3;
v00000140b64f9800_4 .array/port v00000140b64f9800, 4;
v00000140b64f9800_5 .array/port v00000140b64f9800, 5;
v00000140b64f9800_6 .array/port v00000140b64f9800, 6;
E_00000140b6490d20/1 .event anyedge, v00000140b64f9800_3, v00000140b64f9800_4, v00000140b64f9800_5, v00000140b64f9800_6;
v00000140b64f9800_7 .array/port v00000140b64f9800, 7;
v00000140b64f9800_8 .array/port v00000140b64f9800, 8;
v00000140b64f9800_9 .array/port v00000140b64f9800, 9;
v00000140b64f9800_10 .array/port v00000140b64f9800, 10;
E_00000140b6490d20/2 .event anyedge, v00000140b64f9800_7, v00000140b64f9800_8, v00000140b64f9800_9, v00000140b64f9800_10;
v00000140b64f9800_11 .array/port v00000140b64f9800, 11;
v00000140b64f9800_12 .array/port v00000140b64f9800, 12;
v00000140b64f9800_13 .array/port v00000140b64f9800, 13;
v00000140b64f9800_14 .array/port v00000140b64f9800, 14;
E_00000140b6490d20/3 .event anyedge, v00000140b64f9800_11, v00000140b64f9800_12, v00000140b64f9800_13, v00000140b64f9800_14;
v00000140b64f9800_15 .array/port v00000140b64f9800, 15;
v00000140b64f9800_16 .array/port v00000140b64f9800, 16;
v00000140b64f9800_17 .array/port v00000140b64f9800, 17;
v00000140b64f9800_18 .array/port v00000140b64f9800, 18;
E_00000140b6490d20/4 .event anyedge, v00000140b64f9800_15, v00000140b64f9800_16, v00000140b64f9800_17, v00000140b64f9800_18;
v00000140b64f9800_19 .array/port v00000140b64f9800, 19;
v00000140b64f9800_20 .array/port v00000140b64f9800, 20;
v00000140b64f9800_21 .array/port v00000140b64f9800, 21;
v00000140b64f9800_22 .array/port v00000140b64f9800, 22;
E_00000140b6490d20/5 .event anyedge, v00000140b64f9800_19, v00000140b64f9800_20, v00000140b64f9800_21, v00000140b64f9800_22;
v00000140b64f9800_23 .array/port v00000140b64f9800, 23;
v00000140b64f9800_24 .array/port v00000140b64f9800, 24;
v00000140b64f9800_25 .array/port v00000140b64f9800, 25;
v00000140b64f9800_26 .array/port v00000140b64f9800, 26;
E_00000140b6490d20/6 .event anyedge, v00000140b64f9800_23, v00000140b64f9800_24, v00000140b64f9800_25, v00000140b64f9800_26;
v00000140b64f9800_27 .array/port v00000140b64f9800, 27;
v00000140b64f9800_28 .array/port v00000140b64f9800, 28;
v00000140b64f9800_29 .array/port v00000140b64f9800, 29;
v00000140b64f9800_30 .array/port v00000140b64f9800, 30;
E_00000140b6490d20/7 .event anyedge, v00000140b64f9800_27, v00000140b64f9800_28, v00000140b64f9800_29, v00000140b64f9800_30;
v00000140b64f9800_31 .array/port v00000140b64f9800, 31;
E_00000140b6490d20/8 .event anyedge, v00000140b64f9800_31, v00000140b64f8b80_0;
E_00000140b6490d20 .event/or E_00000140b6490d20/0, E_00000140b6490d20/1, E_00000140b6490d20/2, E_00000140b6490d20/3, E_00000140b6490d20/4, E_00000140b6490d20/5, E_00000140b6490d20/6, E_00000140b6490d20/7, E_00000140b6490d20/8;
    .scope S_00000140b6464ec0;
T_0 ;
    %wait E_00000140b6490e60;
    %load/vec4 v00000140b64f93a0_0;
    %flag_set/vec4 8;
    %jmp/0xz  T_0.0, 8;
    %pushi/vec4 4294967292, 0, 32;
    %assign/vec4 v00000140b64fa8e0_0, 0;
    %jmp T_0.1;
T_0.0 ;
    %load/vec4 v00000140b64f9f80_0;
    %pad/u 32;
    %cmpi/e 1, 0, 32;
    %flag_get/vec4 4;
    %jmp/0 T_0.4, 4;
    %load/vec4 v00000140b64fa520_0;
    %pad/u 32;
    %pushi/vec4 1, 0, 32;
    %cmp/e;
    %flag_get/vec4 4;
    %and;
T_0.4;
    %flag_set/vec4 8;
    %jmp/0xz  T_0.2, 8;
    %load/vec4 v00000140b64fa020_0;
    %assign/vec4 v00000140b64fa8e0_0, 0;
    %jmp T_0.3;
T_0.2 ;
    %load/vec4 v00000140b64f9760_0;
    %addi 4, 0, 32;
    %assign/vec4 v00000140b64fa8e0_0, 0;
T_0.3 ;
T_0.1 ;
    %jmp T_0;
    .thread T_0;
    .scope S_00000140b645eb10;
T_1 ;
    %wait E_00000140b6490ae0;
    %load/vec4 v00000140b64f94e0_0;
    %dup/vec4;
    %pushi/vec4 0, 0, 32;
    %cmp/u;
    %jmp/1 T_1.0, 6;
    %dup/vec4;
    %pushi/vec4 4, 0, 32;
    %cmp/u;
    %jmp/1 T_1.1, 6;
    %dup/vec4;
    %pushi/vec4 8, 0, 32;
    %cmp/u;
    %jmp/1 T_1.2, 6;
    %dup/vec4;
    %pushi/vec4 12, 0, 32;
    %cmp/u;
    %jmp/1 T_1.3, 6;
    %dup/vec4;
    %pushi/vec4 16, 0, 32;
    %cmp/u;
    %jmp/1 T_1.4, 6;
    %dup/vec4;
    %pushi/vec4 20, 0, 32;
    %cmp/u;
    %jmp/1 T_1.5, 6;
    %dup/vec4;
    %pushi/vec4 24, 0, 32;
    %cmp/u;
    %jmp/1 T_1.6, 6;
    %dup/vec4;
    %pushi/vec4 28, 0, 32;
    %cmp/u;
    %jmp/1 T_1.7, 6;
    %dup/vec4;
    %pushi/vec4 32, 0, 32;
    %cmp/u;
    %jmp/1 T_1.8, 6;
    %dup/vec4;
    %pushi/vec4 36, 0, 32;
    %cmp/u;
    %jmp/1 T_1.9, 6;
    %pushi/vec4 0, 0, 32;
    %store/vec4 v00000140b64f9940_0, 0, 32;
    %jmp T_1.11;
T_1.0 ;
    %pushi/vec4 5243027, 0, 32;
    %store/vec4 v00000140b64f9940_0, 0, 32;
    %jmp T_1.11;
T_1.1 ;
    %pushi/vec4 3146003, 0, 32;
    %store/vec4 v00000140b64f9940_0, 0, 32;
    %jmp T_1.11;
T_1.2 ;
    %pushi/vec4 2130355, 0, 32;
    %store/vec4 v00000140b64f9940_0, 0, 32;
    %jmp T_1.11;
T_1.3 ;
    %pushi/vec4 1075872307, 0, 32;
    %store/vec4 v00000140b64f9940_0, 0, 32;
    %jmp T_1.11;
T_1.4 ;
    %pushi/vec4 2159283, 0, 32;
    %store/vec4 v00000140b64f9940_0, 0, 32;
    %jmp T_1.11;
T_1.5 ;
    %pushi/vec4 3153955, 0, 32;
    %store/vec4 v00000140b64f9940_0, 0, 32;
    %jmp T_1.11;
T_1.6 ;
    %pushi/vec4 8963, 0, 32;
    %store/vec4 v00000140b64f9940_0, 0, 32;
    %jmp T_1.11;
T_1.7 ;
    %pushi/vec4 2131043, 0, 32;
    %store/vec4 v00000140b64f9940_0, 0, 32;
    %jmp T_1.11;
T_1.8 ;
    %pushi/vec4 5243155, 0, 32;
    %store/vec4 v00000140b64f9940_0, 0, 32;
    %jmp T_1.11;
T_1.9 ;
    %pushi/vec4 4263546595, 0, 32;
    %store/vec4 v00000140b64f9940_0, 0, 32;
    %jmp T_1.11;
T_1.11 ;
    %pop/vec4 1;
    %jmp T_1;
    .thread T_1, $push;
    .scope S_00000140b645e980;
T_2 ;
    %wait E_00000140b6490320;
    %load/vec4 v00000140b64f9120_0;
    %parti/s 7, 0, 2;
    %dup/vec4;
    %pushi/vec4 19, 0, 7;
    %cmp/u;
    %jmp/1 T_2.0, 6;
    %dup/vec4;
    %pushi/vec4 3, 0, 7;
    %cmp/u;
    %jmp/1 T_2.1, 6;
    %dup/vec4;
    %pushi/vec4 35, 0, 7;
    %cmp/u;
    %jmp/1 T_2.2, 6;
    %dup/vec4;
    %pushi/vec4 99, 0, 7;
    %cmp/u;
    %jmp/1 T_2.3, 6;
    %pushi/vec4 0, 0, 32;
    %store/vec4 v00000140b64f9ee0_0, 0, 32;
    %jmp T_2.5;
T_2.0 ;
    %load/vec4 v00000140b64f9120_0;
    %parti/s 1, 31, 6;
    %flag_set/vec4 8;
    %jmp/0 T_2.6, 8;
    %pushi/vec4 1048575, 0, 20;
    %load/vec4 v00000140b64f9120_0;
    %parti/s 12, 20, 6;
    %concat/vec4; draw_concat_vec4
    %jmp/1 T_2.7, 8;
T_2.6 ; End of true expr.
    %pushi/vec4 0, 0, 20;
    %load/vec4 v00000140b64f9120_0;
    %parti/s 12, 20, 6;
    %concat/vec4; draw_concat_vec4
    %jmp/0 T_2.7, 8;
 ; End of false expr.
    %blend;
T_2.7;
    %store/vec4 v00000140b64f9ee0_0, 0, 32;
    %jmp T_2.5;
T_2.1 ;
    %load/vec4 v00000140b64f9120_0;
    %parti/s 1, 31, 6;
    %flag_set/vec4 8;
    %jmp/0 T_2.8, 8;
    %pushi/vec4 1048575, 0, 20;
    %load/vec4 v00000140b64f9120_0;
    %parti/s 12, 20, 6;
    %concat/vec4; draw_concat_vec4
    %jmp/1 T_2.9, 8;
T_2.8 ; End of true expr.
    %pushi/vec4 0, 0, 20;
    %load/vec4 v00000140b64f9120_0;
    %parti/s 12, 20, 6;
    %concat/vec4; draw_concat_vec4
    %jmp/0 T_2.9, 8;
 ; End of false expr.
    %blend;
T_2.9;
    %store/vec4 v00000140b64f9ee0_0, 0, 32;
    %jmp T_2.5;
T_2.2 ;
    %load/vec4 v00000140b64f9120_0;
    %parti/s 1, 31, 6;
    %flag_set/vec4 8;
    %jmp/0 T_2.10, 8;
    %pushi/vec4 1048575, 0, 20;
    %load/vec4 v00000140b64f9120_0;
    %parti/s 7, 25, 6;
    %concat/vec4; draw_concat_vec4
    %load/vec4 v00000140b64f9120_0;
    %parti/s 5, 7, 4;
    %concat/vec4; draw_concat_vec4
    %jmp/1 T_2.11, 8;
T_2.10 ; End of true expr.
    %pushi/vec4 0, 0, 20;
    %load/vec4 v00000140b64f9120_0;
    %parti/s 7, 25, 6;
    %concat/vec4; draw_concat_vec4
    %load/vec4 v00000140b64f9120_0;
    %parti/s 5, 7, 4;
    %concat/vec4; draw_concat_vec4
    %jmp/0 T_2.11, 8;
 ; End of false expr.
    %blend;
T_2.11;
    %store/vec4 v00000140b64f9ee0_0, 0, 32;
    %jmp T_2.5;
T_2.3 ;
    %load/vec4 v00000140b64f9120_0;
    %parti/s 1, 31, 6;
    %flag_set/vec4 8;
    %jmp/0 T_2.12, 8;
    %pushi/vec4 524287, 0, 19;
    %load/vec4 v00000140b64f9120_0;
    %parti/s 1, 31, 6;
    %concat/vec4; draw_concat_vec4
    %load/vec4 v00000140b64f9120_0;
    %parti/s 1, 7, 4;
    %concat/vec4; draw_concat_vec4
    %load/vec4 v00000140b64f9120_0;
    %parti/s 6, 25, 6;
    %concat/vec4; draw_concat_vec4
    %load/vec4 v00000140b64f9120_0;
    %parti/s 4, 8, 5;
    %concat/vec4; draw_concat_vec4
    %concati/vec4 0, 0, 1;
    %jmp/1 T_2.13, 8;
T_2.12 ; End of true expr.
    %pushi/vec4 0, 0, 19;
    %load/vec4 v00000140b64f9120_0;
    %parti/s 1, 31, 6;
    %concat/vec4; draw_concat_vec4
    %load/vec4 v00000140b64f9120_0;
    %parti/s 1, 7, 4;
    %concat/vec4; draw_concat_vec4
    %load/vec4 v00000140b64f9120_0;
    %parti/s 6, 25, 6;
    %concat/vec4; draw_concat_vec4
    %load/vec4 v00000140b64f9120_0;
    %parti/s 4, 8, 5;
    %concat/vec4; draw_concat_vec4
    %concati/vec4 0, 0, 1;
    %jmp/0 T_2.13, 8;
 ; End of false expr.
    %blend;
T_2.13;
    %store/vec4 v00000140b64f9ee0_0, 0, 32;
    %jmp T_2.5;
T_2.5 ;
    %pop/vec4 1;
    %jmp T_2;
    .thread T_2, $push;
    .scope S_00000140b645bbc0;
T_3 ;
    %wait E_00000140b6490160;
    %load/vec4 v00000140b64f8d60_0;
    %parti/s 7, 0, 2;
    %store/vec4 v00000140b64f9e40_0, 0, 7;
    %load/vec4 v00000140b64f8d60_0;
    %parti/s 5, 7, 4;
    %store/vec4 v00000140b64fa840_0, 0, 5;
    %load/vec4 v00000140b64f8d60_0;
    %parti/s 3, 12, 5;
    %store/vec4 v00000140b64fa480_0, 0, 3;
    %load/vec4 v00000140b64f8d60_0;
    %parti/s 5, 15, 5;
    %store/vec4 v00000140b64f9300_0, 0, 5;
    %load/vec4 v00000140b64f8d60_0;
    %parti/s 5, 20, 6;
    %store/vec4 v00000140b64f8b80_0, 0, 5;
    %load/vec4 v00000140b64f8d60_0;
    %parti/s 1, 30, 6;
    %store/vec4 v00000140b64f9b20_0, 0, 1;
    %pushi/vec4 0, 0, 1;
    %store/vec4 v00000140b64f8cc0_0, 0, 1;
    %pushi/vec4 0, 0, 1;
    %store/vec4 v00000140b64f96c0_0, 0, 1;
    %pushi/vec4 0, 0, 1;
    %store/vec4 v00000140b64f98a0_0, 0, 1;
    %pushi/vec4 0, 0, 1;
    %store/vec4 v00000140b64f9080_0, 0, 1;
    %pushi/vec4 0, 0, 1;
    %store/vec4 v00000140b64fa7a0_0, 0, 1;
    %pushi/vec4 0, 0, 1;
    %store/vec4 v00000140b64f9da0_0, 0, 1;
    %pushi/vec4 0, 0, 2;
    %store/vec4 v00000140b64f9440_0, 0, 2;
    %load/vec4 v00000140b64f9e40_0;
    %dup/vec4;
    %pushi/vec4 51, 0, 7;
    %cmp/u;
    %jmp/1 T_3.0, 6;
    %dup/vec4;
    %pushi/vec4 19, 0, 7;
    %cmp/u;
    %jmp/1 T_3.1, 6;
    %dup/vec4;
    %pushi/vec4 3, 0, 7;
    %cmp/u;
    %jmp/1 T_3.2, 6;
    %dup/vec4;
    %pushi/vec4 35, 0, 7;
    %cmp/u;
    %jmp/1 T_3.3, 6;
    %dup/vec4;
    %pushi/vec4 99, 0, 7;
    %cmp/u;
    %jmp/1 T_3.4, 6;
    %jmp T_3.6;
T_3.0 ;
    %pushi/vec4 1, 0, 1;
    %store/vec4 v00000140b64f8cc0_0, 0, 1;
    %pushi/vec4 0, 0, 1;
    %store/vec4 v00000140b64fa7a0_0, 0, 1;
    %pushi/vec4 2, 0, 2;
    %store/vec4 v00000140b64f9440_0, 0, 2;
    %jmp T_3.6;
T_3.1 ;
    %pushi/vec4 1, 0, 1;
    %store/vec4 v00000140b64f8cc0_0, 0, 1;
    %pushi/vec4 1, 0, 1;
    %store/vec4 v00000140b64fa7a0_0, 0, 1;
    %pushi/vec4 2, 0, 2;
    %store/vec4 v00000140b64f9440_0, 0, 2;
    %jmp T_3.6;
T_3.2 ;
    %pushi/vec4 1, 0, 1;
    %store/vec4 v00000140b64f8cc0_0, 0, 1;
    %pushi/vec4 1, 0, 1;
    %store/vec4 v00000140b64f96c0_0, 0, 1;
    %pushi/vec4 1, 0, 1;
    %store/vec4 v00000140b64f9080_0, 0, 1;
    %pushi/vec4 1, 0, 1;
    %store/vec4 v00000140b64fa7a0_0, 0, 1;
    %pushi/vec4 0, 0, 2;
    %store/vec4 v00000140b64f9440_0, 0, 2;
    %jmp T_3.6;
T_3.3 ;
    %pushi/vec4 1, 0, 1;
    %store/vec4 v00000140b64f98a0_0, 0, 1;
    %pushi/vec4 1, 0, 1;
    %store/vec4 v00000140b64fa7a0_0, 0, 1;
    %pushi/vec4 0, 0, 2;
    %store/vec4 v00000140b64f9440_0, 0, 2;
    %jmp T_3.6;
T_3.4 ;
    %pushi/vec4 1, 0, 1;
    %store/vec4 v00000140b64f9da0_0, 0, 1;
    %pushi/vec4 1, 0, 2;
    %store/vec4 v00000140b64f9440_0, 0, 2;
    %jmp T_3.6;
T_3.6 ;
    %pop/vec4 1;
    %jmp T_3;
    .thread T_3, $push;
    .scope S_00000140b64a0050;
T_4 ;
    %wait E_00000140b648faa0;
    %load/vec4 v00000140b649ba10_0;
    %dup/vec4;
    %pushi/vec4 0, 0, 4;
    %cmp/u;
    %jmp/1 T_4.0, 6;
    %dup/vec4;
    %pushi/vec4 1, 0, 4;
    %cmp/u;
    %jmp/1 T_4.1, 6;
    %dup/vec4;
    %pushi/vec4 2, 0, 4;
    %cmp/u;
    %jmp/1 T_4.2, 6;
    %dup/vec4;
    %pushi/vec4 3, 0, 4;
    %cmp/u;
    %jmp/1 T_4.3, 6;
    %dup/vec4;
    %pushi/vec4 4, 0, 4;
    %cmp/u;
    %jmp/1 T_4.4, 6;
    %dup/vec4;
    %pushi/vec4 5, 0, 4;
    %cmp/u;
    %jmp/1 T_4.5, 6;
    %dup/vec4;
    %pushi/vec4 6, 0, 4;
    %cmp/u;
    %jmp/1 T_4.6, 6;
    %dup/vec4;
    %pushi/vec4 7, 0, 4;
    %cmp/u;
    %jmp/1 T_4.7, 6;
    %dup/vec4;
    %pushi/vec4 8, 0, 4;
    %cmp/u;
    %jmp/1 T_4.8, 6;
    %pushi/vec4 0, 0, 32;
    %store/vec4 v00000140b649b5b0_0, 0, 32;
    %jmp T_4.10;
T_4.0 ;
    %load/vec4 v00000140b649c050_0;
    %load/vec4 v00000140b649b650_0;
    %add;
    %store/vec4 v00000140b649b5b0_0, 0, 32;
    %jmp T_4.10;
T_4.1 ;
    %load/vec4 v00000140b649c050_0;
    %load/vec4 v00000140b649b650_0;
    %sub;
    %store/vec4 v00000140b649b5b0_0, 0, 32;
    %jmp T_4.10;
T_4.2 ;
    %load/vec4 v00000140b649c050_0;
    %load/vec4 v00000140b649b650_0;
    %and;
    %store/vec4 v00000140b649b5b0_0, 0, 32;
    %jmp T_4.10;
T_4.3 ;
    %load/vec4 v00000140b649c050_0;
    %load/vec4 v00000140b649b650_0;
    %or;
    %store/vec4 v00000140b649b5b0_0, 0, 32;
    %jmp T_4.10;
T_4.4 ;
    %load/vec4 v00000140b649c050_0;
    %load/vec4 v00000140b649b650_0;
    %xor;
    %store/vec4 v00000140b649b5b0_0, 0, 32;
    %jmp T_4.10;
T_4.5 ;
    %load/vec4 v00000140b649c050_0;
    %load/vec4 v00000140b649b650_0;
    %parti/s 5, 0, 2;
    %ix/vec4 4;
    %shiftl 4;
    %store/vec4 v00000140b649b5b0_0, 0, 32;
    %jmp T_4.10;
T_4.6 ;
    %load/vec4 v00000140b649c050_0;
    %load/vec4 v00000140b649b650_0;
    %parti/s 5, 0, 2;
    %ix/vec4 4;
    %shiftr 4;
    %store/vec4 v00000140b649b5b0_0, 0, 32;
    %jmp T_4.10;
T_4.7 ;
    %load/vec4 v00000140b649c050_0;
    %load/vec4 v00000140b649b650_0;
    %parti/s 5, 0, 2;
    %ix/vec4 4;
    %shiftr/s 4;
    %store/vec4 v00000140b649b5b0_0, 0, 32;
    %jmp T_4.10;
T_4.8 ;
    %load/vec4 v00000140b649c050_0;
    %load/vec4 v00000140b649b650_0;
    %cmp/s;
    %flag_mov 8, 5;
    %jmp/0 T_4.11, 8;
    %pushi/vec4 1, 0, 32;
    %jmp/1 T_4.12, 8;
T_4.11 ; End of true expr.
    %pushi/vec4 0, 0, 32;
    %jmp/0 T_4.12, 8;
 ; End of false expr.
    %blend;
T_4.12;
    %store/vec4 v00000140b649b5b0_0, 0, 32;
    %jmp T_4.10;
T_4.10 ;
    %pop/vec4 1;
    %load/vec4 v00000140b649b5b0_0;
    %pushi/vec4 0, 0, 32;
    %cmp/e;
    %flag_get/vec4 4;
    %store/vec4 v00000140b649bab0_0, 0, 1;
    %jmp T_4;
    .thread T_4, $push;
    .scope S_00000140b64a2500;
T_5 ;
    %wait E_00000140b648f8e0;
    %load/vec4 v00000140b649bb50_0;
    %dup/vec4;
    %pushi/vec4 0, 0, 2;
    %cmp/u;
    %jmp/1 T_5.0, 6;
    %dup/vec4;
    %pushi/vec4 1, 0, 2;
    %cmp/u;
    %jmp/1 T_5.1, 6;
    %dup/vec4;
    %pushi/vec4 2, 0, 2;
    %cmp/u;
    %jmp/1 T_5.2, 6;
    %pushi/vec4 0, 0, 4;
    %store/vec4 v00000140b649bf10_0, 0, 4;
    %jmp T_5.4;
T_5.0 ;
    %pushi/vec4 0, 0, 4;
    %store/vec4 v00000140b649bf10_0, 0, 4;
    %jmp T_5.4;
T_5.1 ;
    %pushi/vec4 1, 0, 4;
    %store/vec4 v00000140b649bf10_0, 0, 4;
    %jmp T_5.4;
T_5.2 ;
    %load/vec4 v00000140b649c0f0_0;
    %dup/vec4;
    %pushi/vec4 0, 0, 3;
    %cmp/u;
    %jmp/1 T_5.5, 6;
    %dup/vec4;
    %pushi/vec4 7, 0, 3;
    %cmp/u;
    %jmp/1 T_5.6, 6;
    %dup/vec4;
    %pushi/vec4 6, 0, 3;
    %cmp/u;
    %jmp/1 T_5.7, 6;
    %dup/vec4;
    %pushi/vec4 4, 0, 3;
    %cmp/u;
    %jmp/1 T_5.8, 6;
    %dup/vec4;
    %pushi/vec4 1, 0, 3;
    %cmp/u;
    %jmp/1 T_5.9, 6;
    %dup/vec4;
    %pushi/vec4 5, 0, 3;
    %cmp/u;
    %jmp/1 T_5.10, 6;
    %dup/vec4;
    %pushi/vec4 2, 0, 3;
    %cmp/u;
    %jmp/1 T_5.11, 6;
    %pushi/vec4 0, 0, 4;
    %store/vec4 v00000140b649bf10_0, 0, 4;
    %jmp T_5.13;
T_5.5 ;
    %load/vec4 v00000140b649bd30_0;
    %flag_set/vec4 8;
    %jmp/0 T_5.14, 8;
    %pushi/vec4 1, 0, 4;
    %jmp/1 T_5.15, 8;
T_5.14 ; End of true expr.
    %pushi/vec4 0, 0, 4;
    %jmp/0 T_5.15, 8;
 ; End of false expr.
    %blend;
T_5.15;
    %store/vec4 v00000140b649bf10_0, 0, 4;
    %jmp T_5.13;
T_5.6 ;
    %pushi/vec4 2, 0, 4;
    %store/vec4 v00000140b649bf10_0, 0, 4;
    %jmp T_5.13;
T_5.7 ;
    %pushi/vec4 3, 0, 4;
    %store/vec4 v00000140b649bf10_0, 0, 4;
    %jmp T_5.13;
T_5.8 ;
    %pushi/vec4 4, 0, 4;
    %store/vec4 v00000140b649bf10_0, 0, 4;
    %jmp T_5.13;
T_5.9 ;
    %pushi/vec4 5, 0, 4;
    %store/vec4 v00000140b649bf10_0, 0, 4;
    %jmp T_5.13;
T_5.10 ;
    %load/vec4 v00000140b649bd30_0;
    %flag_set/vec4 8;
    %jmp/0 T_5.16, 8;
    %pushi/vec4 7, 0, 4;
    %jmp/1 T_5.17, 8;
T_5.16 ; End of true expr.
    %pushi/vec4 6, 0, 4;
    %jmp/0 T_5.17, 8;
 ; End of false expr.
    %blend;
T_5.17;
    %store/vec4 v00000140b649bf10_0, 0, 4;
    %jmp T_5.13;
T_5.11 ;
    %pushi/vec4 8, 0, 4;
    %store/vec4 v00000140b649bf10_0, 0, 4;
    %jmp T_5.13;
T_5.13 ;
    %pop/vec4 1;
    %jmp T_5.4;
T_5.4 ;
    %pop/vec4 1;
    %jmp T_5;
    .thread T_5, $push;
    .scope S_00000140b6465050;
T_6 ;
    %pushi/vec4 0, 0, 32;
    %store/vec4 v00000140b64f8c20_0, 0, 32;
T_6.0 ;
    %load/vec4 v00000140b64f8c20_0;
    %cmpi/s 32, 0, 32;
    %jmp/0xz T_6.1, 5;
    %pushi/vec4 0, 0, 32;
    %ix/getv/s 4, v00000140b64f8c20_0;
    %store/vec4a v00000140b64f9800, 4, 0;
    %load/vec4 v00000140b64f8c20_0;
    %addi 1, 0, 32;
    %store/vec4 v00000140b64f8c20_0, 0, 32;
    %jmp T_6.0;
T_6.1 ;
    %end;
    .thread T_6;
    .scope S_00000140b6465050;
T_7 ;
    %wait E_00000140b6490d20;
    %load/vec4 v00000140b64fa700_0;
    %pad/u 7;
    %ix/vec4 4;
    %load/vec4a v00000140b64f9800, 4;
    %store/vec4 v00000140b64faa20_0, 0, 32;
    %load/vec4 v00000140b64fa160_0;
    %pad/u 7;
    %ix/vec4 4;
    %load/vec4a v00000140b64f9800, 4;
    %store/vec4 v00000140b64f91c0_0, 0, 32;
    %jmp T_7;
    .thread T_7, $push;
    .scope S_00000140b6465050;
T_8 ;
    %wait E_00000140b6490e60;
    %load/vec4 v00000140b64f99e0_0;
    %flag_set/vec4 9;
    %flag_get/vec4 9;
    %jmp/0 T_8.2, 9;
    %load/vec4 v00000140b64f9260_0;
    %pushi/vec4 0, 0, 5;
    %cmp/ne;
    %flag_get/vec4 4;
    %and;
T_8.2;
    %flag_set/vec4 8;
    %jmp/0xz  T_8.0, 8;
    %load/vec4 v00000140b64fa200_0;
    %load/vec4 v00000140b64f9260_0;
    %pad/u 7;
    %ix/vec4 3;
    %ix/load 4, 0, 0; Constant delay
    %assign/vec4/a/d v00000140b64f9800, 0, 4;
T_8.0 ;
    %jmp T_8;
    .thread T_8;
    .scope S_00000140b645ba30;
T_9 ;
    %wait E_00000140b6490e60;
    %load/vec4 v00000140b649b510_0;
    %flag_set/vec4 8;
    %jmp/0xz  T_9.0, 8;
    %load/vec4 v00000140b64f9620_0;
    %load/vec4 v00000140b649b3d0_0;
    %parti/s 10, 2, 3;
    %pad/u 12;
    %ix/vec4 3;
    %ix/load 4, 0, 0; Constant delay
    %assign/vec4/a/d v00000140b649b6f0, 0, 4;
T_9.0 ;
    %jmp T_9;
    .thread T_9;
    .scope S_00000140b649c250;
T_10 ;
    %delay 5, 0;
    %load/vec4 v00000140b64fe500_0;
    %inv;
    %store/vec4 v00000140b64fe500_0, 0, 1;
    %jmp T_10;
    .thread T_10;
    .scope S_00000140b649c250;
T_11 ;
    %pushi/vec4 0, 0, 1;
    %store/vec4 v00000140b64fe500_0, 0, 1;
    %vpi_call 2 18 "$dumpfile", "riscTopTB.vcd" {0 0 0};
    %vpi_call 2 19 "$dumpvars", 32'sb00000000000000000000000000000000, S_00000140b649c250 {0 0 0};
    %delay 2, 0;
    %pushi/vec4 1, 0, 1;
    %store/vec4 v00000140b64ff220_0, 0, 1;
    %delay 22, 0;
    %pushi/vec4 0, 0, 1;
    %store/vec4 v00000140b64ff220_0, 0, 1;
    %delay 10, 0;
    %vpi_call 2 26 "$display", "PC at first cycle = %0d", v00000140b64fa8e0_0 {0 0 0};
    %delay 10, 0;
    %vpi_call 2 28 "$display", "ALUResult = %0d", v00000140b649b5b0_0 {0 0 0};
    %vpi_call 2 29 "$display", "MemtoReg = %0d", v00000140b64f9080_0 {0 0 0};
    %vpi_call 2 30 "$display", "immediate = %0d", v00000140b64f9ee0_0 {0 0 0};
    %vpi_call 2 31 "$display", "ALUSrc = %0d", v00000140b64fa7a0_0 {0 0 0};
    %vpi_call 2 32 "$display", "sel = %0d", v00000140b649bf10_0 {0 0 0};
    %vpi_call 2 33 "$display", "PC at first cycle = %0d", v00000140b64fa8e0_0 {0 0 0};
    %vpi_call 2 34 "$display", "RegWrite = %0d", v00000140b64f8cc0_0 {0 0 0};
    %vpi_call 2 35 "$display", "instruction = %h", v00000140b64f9940_0 {0 0 0};
    %vpi_call 2 36 "$display", "rd_addr = %0d", v00000140b64fa840_0 {0 0 0};
    %vpi_call 2 37 "$display", "WriteData = %0d", v00000140b64fa200_0 {0 0 0};
    %delay 222, 0;
    %vpi_call 2 39 "$display", "x1 = %0d", &A<v00000140b64f9800, 1> {0 0 0};
    %vpi_call 2 40 "$display", "x2 = %0d", &A<v00000140b64f9800, 2> {0 0 0};
    %vpi_call 2 41 "$display", "x3 = %0d", &A<v00000140b64f9800, 3> {0 0 0};
    %vpi_call 2 42 "$display", "x4 = %0d", &A<v00000140b64f9800, 4> {0 0 0};
    %vpi_call 2 43 "$display", "x5 = %0d", &A<v00000140b64f9800, 5> {0 0 0};
    %vpi_call 2 44 "$display", "x6 = %0d", &A<v00000140b64f9800, 6> {0 0 0};
    %vpi_call 2 46 "$display", "PC after run = %0d", v00000140b64fa8e0_0 {0 0 0};
    %vpi_call 2 47 "$display", "instruction at 0 = %h", v00000140b64f9940_0 {0 0 0};
    %vpi_call 2 49 "$finish" {0 0 0};
    %end;
    .thread T_11;
# The file index is used to find the file name in the following table.
:file_names 12;
    "N/A";
    "<interactive>";
    "tb/riscTopTB.v";
    "src/riscTop.v";
    "src/alu.v";
    "src/AluControl.v";
    "src/DataMemo.v";
    "src/decoder.v";
    "src/immediateGen.v";
    "src/instructionMemo.v";
    "src/pc_counter.v";
    "src/registerFile.v";
